#
# There is insufficient memory for the Java Runtime Environment to continue.
# Native memory allocation (mmap) failed to map 65536 bytes for Failed to commit metaspace.
# Possible reasons:
#   The system is out of physical RAM or swap space
#   The process is running with CompressedOops enabled, and the Java Heap may be blocking the growth of the native heap
# Possible solutions:
#   Reduce memory load on the system
#   Increase physical memory or swap space
#   Check if swap backing store is full
#   Decrease Java heap size (-Xmx/-Xms)
#   Decrease number of Java threads
#   Decrease Java thread stack sizes (-Xss)
#   Set larger code cache with -XX:ReservedCodeCacheSize=
#   JVM is running with Unscaled Compressed Oops mode in which the Java heap is
#     placed in the first 4GB address space. The Java Heap base address is the
#     maximum limit for the native heap growth. Please use -XX:HeapBaseMinAddress
#     to set the Java Heap base and to place the Java Heap above 4GB virtual address.
# This output file may be truncated or incomplete.
#
#  Out of Memory Error (virtualSpaceNode.cpp:112), pid=5060, tid=892
#
# JRE version: OpenJDK Runtime Environment (21.0+35) (build 21+35-2513)
# Java VM: OpenJDK 64-Bit Server VM (21+35-2513, mixed mode, emulated-client, sharing, tiered, compressed oops, compressed class ptrs, g1 gc, windows-amd64)
# No core dump will be written. Minidumps are not enabled by default on client versions of Windows
#

---------------  S U M M A R Y ------------

Command Line: -XX:TieredStopAtLevel=1 -Dspring.output.ansi.enabled=always -Dcom.sun.management.jmxremote -Dspring.jmx.enabled=true -Dspring.liveBeansView.mbeanDomain -Dspring.application.admin.enabled=true -Dmanagement.endpoints.jmx.exposure.include=* -javaagent:F:\programas\IntelliJ IDEA 2023.2.2\lib\idea_rt.jar=2061:F:\programas\IntelliJ IDEA 2023.2.2\bin -Dfile.encoding=UTF-8 -Dsun.stdout.encoding=UTF-8 -Dsun.stderr.encoding=UTF-8 com.example.apivirtuaula.ApiVirtuaulaApplication

Host: Intel(R) Core(TM) i5-8250U CPU @ 1.60GHz, 8 cores, 7G,  Windows 10 , 64 bit Build 19041 (10.0.19041.1645)
Time: Fri Apr 12 06:42:38 2024 Hora de verano romance elapsed time: 1.103886 seconds (0d 0h 0m 1s)

---------------  T H R E A D  ---------------

Current thread (0x0000013e47646db0):  JavaThread "restartedMain"        [_thread_in_vm, id=892, stack(0x000000300ba00000,0x000000300bb00000) (1024K)]

Stack: [0x000000300ba00000,0x000000300bb00000]
Native frames: (J=compiled Java code, j=interpreted, Vv=VM code, C=native code)
V  [jvm.dll+0x6c8d39]
V  [jvm.dll+0x854091]
V  [jvm.dll+0x85630e]
V  [jvm.dll+0x8569e3]
V  [jvm.dll+0x2809a6]
V  [jvm.dll+0x84fdce]
V  [jvm.dll+0x66c755]
V  [jvm.dll+0x1e666c]
V  [jvm.dll+0x1e643e]
V  [jvm.dll+0x66f06c]
V  [jvm.dll+0x66ee82]
V  [jvm.dll+0x66d12e]
V  [jvm.dll+0x27d8c6]
V  [jvm.dll+0x71e295]
V  [jvm.dll+0x71eddf]
V  [jvm.dll+0x3c272f]
V  [jvm.dll+0x3c17d7]
V  [jvm.dll+0x3c1778]
V  [jvm.dll+0x3d34ea]
C  0x0000013e79048c7f

The last pc belongs to new (printed below).
Java frames: (J=compiled Java code, j=interpreted, Vv=VM code)
j  org.springframework.core.io.support.ResourceArrayPropertyEditor.<init>()V+1
j  org.springframework.beans.PropertyEditorRegistrySupport.createDefaultEditors()V+251
j  org.springframework.beans.PropertyEditorRegistrySupport.getDefaultEditor(Ljava/lang/Class;)Ljava/beans/PropertyEditor;+44
j  org.springframework.boot.context.properties.bind.BindConverter$TypeConverterConverter.matches(Lorg/springframework/core/convert/TypeDescriptor;Lorg/springframework/core/convert/TypeDescriptor;)Z+66
j  org.springframework.core.convert.support.GenericConversionService$ConvertersForPair.getConverter(Lorg/springframework/core/convert/TypeDescriptor;Lorg/springframework/core/convert/TypeDescriptor;)Lorg/springframework/core/convert/converter/GenericConverter;+49
j  org.springframework.core.convert.support.GenericConversionService$Converters.getRegisteredConverter(Lorg/springframework/core/convert/TypeDescriptor;Lorg/springframework/core/convert/TypeDescriptor;Lorg/springframework/core/convert/converter/GenericConverter$ConvertiblePair;)Lorg/springframework/core/convert/converter/GenericConverter;+24
j  org.springframework.core.convert.support.GenericConversionService$Converters.find(Lorg/springframework/core/convert/TypeDescriptor;Lorg/springframework/core/convert/TypeDescriptor;)Lorg/springframework/core/convert/converter/GenericConverter;+98
j  org.springframework.core.convert.support.GenericConversionService.getConverter(Lorg/springframework/core/convert/TypeDescriptor;Lorg/springframework/core/convert/TypeDescriptor;)Lorg/springframework/core/convert/converter/GenericConverter;+51
j  org.springframework.core.convert.support.GenericConversionService.canConvert(Lorg/springframework/core/convert/TypeDescriptor;Lorg/springframework/core/convert/TypeDescriptor;)Z+13
j  org.springframework.boot.context.properties.bind.BindConverter$TypeConverterConversionService.canConvert(Lorg/springframework/core/convert/TypeDescriptor;Lorg/springframework/core/convert/TypeDescriptor;)Z+22
j  org.springframework.boot.context.properties.bind.BindConverter.convert(Ljava/lang/Object;Lorg/springframework/core/convert/TypeDescriptor;Lorg/springframework/core/convert/TypeDescriptor;)Ljava/lang/Object;+40
j  org.springframework.boot.context.properties.bind.BindConverter.convert(Ljava/lang/Object;Lorg/springframework/core/ResolvableType;[Ljava/lang/annotation/Annotation;)Ljava/lang/Object;+21
j  org.springframework.boot.context.properties.bind.BindConverter.convert(Ljava/lang/Object;Lorg/springframework/boot/context/properties/bind/Bindable;)Ljava/lang/Object;+10
j  org.springframework.boot.context.properties.bind.Binder.bindProperty(Lorg/springframework/boot/context/properties/bind/Bindable;Lorg/springframework/boot/context/properties/bind/Binder$Context;Lorg/springframework/boot/context/properties/source/ConfigurationProperty;)Ljava/lang/Object;+31
j  org.springframework.boot.context.properties.bind.Binder.bindObject(Lorg/springframework/boot/context/properties/source/ConfigurationPropertyName;Lorg/springframework/boot/context/properties/bind/Bindable;Lorg/springframework/boot/context/properties/bind/BindHandler;Lorg/springframework/boot/context/properties/bind/Binder$Context;Z)Ljava/lang/Object;+75
j  org.springframework.boot.context.properties.bind.Binder.bind(Lorg/springframework/boot/context/properties/source/ConfigurationPropertyName;Lorg/springframework/boot/context/properties/bind/Bindable;Lorg/springframework/boot/context/properties/bind/BindHandler;Lorg/springframework/boot/context/properties/bind/Binder$Context;ZZ)Ljava/lang/Object;+41
j  org.springframework.boot.context.properties.bind.Binder.bind(Lorg/springframework/boot/context/properties/source/ConfigurationPropertyName;Lorg/springframework/boot/context/properties/bind/Bindable;Lorg/springframework/boot/context/properties/bind/BindHandler;Z)Ljava/lang/Object;+44
j  org.springframework.boot.context.properties.bind.Binder.bind(Lorg/springframework/boot/context/properties/source/ConfigurationPropertyName;Lorg/springframework/boot/context/properties/bind/Bindable;Lorg/springframework/boot/context/properties/bind/BindHandler;)Lorg/springframework/boot/context/properties/bind/BindResult;+5
j  org.springframework.boot.context.properties.bind.Binder.bind(Ljava/lang/String;Lorg/springframework/boot/context/properties/bind/Bindable;)Lorg/springframework/boot/context/properties/bind/BindResult;+7
j  org.springframework.boot.context.properties.bind.Binder.bind(Ljava/lang/String;Ljava/lang/Class;)Lorg/springframework/boot/context/properties/bind/BindResult;+6
j  org.springframework.boot.context.config.AnsiOutputApplicationListener.onApplicationEvent(Lorg/springframework/boot/context/event/ApplicationEnvironmentPreparedEvent;)V+13
j  org.springframework.boot.context.config.AnsiOutputApplicationListener.onApplicationEvent(Lorg/springframework/context/ApplicationEvent;)V+5
j  org.springframework.context.event.SimpleApplicationEventMulticaster.doInvokeListener(Lorg/springframework/context/ApplicationListener;Lorg/springframework/context/ApplicationEvent;)V+2
j  org.springframework.context.event.SimpleApplicationEventMulticaster.invokeListener(Lorg/springframework/context/ApplicationListener;Lorg/springframework/context/ApplicationEvent;)V+34
j  org.springframework.context.event.SimpleApplicationEventMulticaster.multicastEvent(Lorg/springframework/context/ApplicationEvent;Lorg/springframework/core/ResolvableType;)V+104
j  org.springframework.context.event.SimpleApplicationEventMulticaster.multicastEvent(Lorg/springframework/context/ApplicationEvent;)V+3
j  org.springframework.boot.context.event.EventPublishingRunListener.multicastInitialEvent(Lorg/springframework/context/ApplicationEvent;)V+9
j  org.springframework.boot.context.event.EventPublishingRunListener.environmentPrepared(Lorg/springframework/boot/ConfigurableBootstrapContext;Lorg/springframework/core/env/ConfigurableEnvironment;)V+18
j  org.springframework.boot.SpringApplicationRunListeners.lambda$environmentPrepared$2(Lorg/springframework/boot/ConfigurableBootstrapContext;Lorg/springframework/core/env/ConfigurableEnvironment;Lorg/springframework/boot/SpringApplicationRunListener;)V+3
j  org.springframework.boot.SpringApplicationRunListeners$$Lambda+0x0000013e031313a8.accept(Ljava/lang/Object;)V+12
j  java.lang.Iterable.forEach(Ljava/util/function/Consumer;)V+30 java.base@21
j  org.springframework.boot.SpringApplicationRunListeners.doWithListeners(Ljava/lang/String;Ljava/util/function/Consumer;Ljava/util/function/Consumer;)V+17
j  org.springframework.boot.SpringApplicationRunListeners.doWithListeners(Ljava/lang/String;Ljava/util/function/Consumer;)V+4
j  org.springframework.boot.SpringApplicationRunListeners.environmentPrepared(Lorg/springframework/boot/ConfigurableBootstrapContext;Lorg/springframework/core/env/ConfigurableEnvironment;)V+10
j  org.springframework.boot.SpringApplication.prepareEnvironment(Lorg/springframework/boot/SpringApplicationRunListeners;Lorg/springframework/boot/DefaultBootstrapContext;Lorg/springframework/boot/ApplicationArguments;)Lorg/springframework/core/env/ConfigurableEnvironment;+27
j  org.springframework.boot.SpringApplication.run([Ljava/lang/String;)Lorg/springframework/context/ConfigurableApplicationContext;+62
j  org.springframework.boot.SpringApplication.run([Ljava/lang/Class;[Ljava/lang/String;)Lorg/springframework/context/ConfigurableApplicationContext;+9
j  org.springframework.boot.SpringApplication.run(Ljava/lang/Class;[Ljava/lang/String;)Lorg/springframework/context/ConfigurableApplicationContext;+9
j  com.example.apivirtuaula.ApiVirtuaulaApplication.main([Ljava/lang/String;)V+3
j  java.lang.invoke.LambdaForm$DMH+0x0000013e03003400.invokeStatic(Ljava/lang/Object;Ljava/lang/Object;)V+10 java.base@21
j  java.lang.invoke.LambdaForm$MH+0x0000013e03110800.invoke(Ljava/lang/Object;Ljava/lang/Object;Ljava/lang/Object;)Ljava/lang/Object;+33 java.base@21
j  java.lang.invoke.Invokers$Holder.invokeExact_MT(Ljava/lang/Object;Ljava/lang/Object;Ljava/lang/Object;Ljava/lang/Object;)Ljava/lang/Object;+20 java.base@21
j  jdk.internal.reflect.DirectMethodHandleAccessor.invokeImpl(Ljava/lang/Object;[Ljava/lang/Object;)Ljava/lang/Object;+55 java.base@21
j  jdk.internal.reflect.DirectMethodHandleAccessor.invoke(Ljava/lang/Object;[Ljava/lang/Object;)Ljava/lang/Object;+23 java.base@21
j  java.lang.reflect.Method.invoke(Ljava/lang/Object;[Ljava/lang/Object;)Ljava/lang/Object;+102 java.base@21
j  org.springframework.boot.devtools.restart.RestartLauncher.run()V+47
v  ~StubRoutines::call_stub 0x0000013e7903100d
new  187 new  [0x0000013e79048b00, 0x0000013e79048d08]  520 bytes
[MachCode]
  0x0000013e79048b00: 4883 ec08 | c5fa 1104 | 24eb 1f48 | 83ec 10c5 | fb11 0424 | eb14 4883 | ec10 4889 | 0424 48c7 
  0x0000013e79048b20: 4424 0800 | 0000 00eb | 0150 410f | b755 010f | cac1 ea10 | 488b 4de8 | 488b 4908 | 488b 4908 
  0x0000013e79048b40: 488b 4108 | 807c 1004 | 070f 85d3 | 0000 0066 | 8b54 d148 | 488b 4928 | 488b 4cd1 | 0851 80b9 
  0x0000013e79048b60: 2001 0000 | 050f 85b6 | 0000 008b | 5108 f6c2 | 010f 85aa | 0000 0049 | 8b87 b801 | 0000 488d 
  0x0000013e79048b80: 1c10 493b | 9fc8 0100 | 000f 8792 | 0000 0049 | 899f b801 | 0000 4883 | ea10 0f84 | 0f00 0000 
  0x0000013e79048ba0: 33c9 c1ea | 0348 894c | d008 48ff | ca75 f648 | c700 0100 | 0000 5933 | f689 700c | 49ba 0000 
  0x0000013e79048bc0: 0002 3e01 | 0000 492b | ca89 4808 | 49ba 1a05 | 24e1 fb7f | 0000 4180 | 3a00 0f84 | 3c00 0000 
  0x0000013e79048be0: 5048 8bc8 | 4883 ec20 | 40f6 c40f | 0f84 1900 | 0000 4883 | ec08 48b8 | c0e8 d4e0 | fb7f 0000 
  0x0000013e79048c00: ffd0 4883 | c408 e90c | 0000 0048 | b8c0 e8d4 | e0fb 7f00 | 00ff d048 | 83c4 2058 | e9cb 0000 
  0x0000013e79048c20: 0059 488b | 55e8 488b | 5208 488b | 5208 450f | b745 0141 | 0fc8 41c1 | e810 e805 | 0000 00e9 
  0x0000013e79048c40: a800 0000 | 488d 4424 | 084c 896d | c049 8bcf | c5f8 7749 | 89af a803 | 0000 4989 | 8798 0300 
  0x0000013e79048c60: 0048 83ec | 2040 f6c4 | 0f0f 8419 | 0000 0048 | 83ec 0848 | b860 349f | e0fb 7f00 | 00ff d048 
  0x0000013e79048c80: 83c4 08e9 | 0c00 0000 | 48b8 6034 | 9fe0 fb7f | 0000 ffd0 | 4883 c420 | 49c7 8798 | 0300 0000 
  0x0000013e79048ca0: 0000 0049 | c787 a803 | 0000 0000 | 0000 49c7 | 87a0 0300 | 0000 0000 | 00c5 f877 | 4983 7f08 
  0x0000013e79048cc0: 000f 8405 | 0000 00e9 | 3482 feff | 498b 87f0 | 0300 0049 | c787 f003 | 0000 0000 | 0000 4c8b 
  0x0000013e79048ce0: 6dc0 4c8b | 75c8 4e8d | 74f5 00c3 | 410f b65d | 0349 83c5 | 0349 bac0 | be26 e1fb | 7f00 0041 
  0x0000013e79048d00: ff24 da0f | 1f44 0000 
[/MachCode]

---------------  P R O C E S S  ---------------

Threads class SMR info:
_java_thread_list=0x0000013e47646c60, length=16, elements={
0x0000013e6eaeae20, 0x0000013e7f3a71f0, 0x0000013e7f3a7e50, 0x0000013e7f3aab40,
0x0000013e7f3ab5a0, 0x0000013e7f3ac000, 0x0000013e7f3b4a70, 0x0000013e7f3e0240,
0x0000013e7f370b80, 0x0000013e7f5f4f50, 0x0000013e7f5f5600, 0x0000013e470aab90,
0x0000013e470ac210, 0x0000013e47243d80, 0x0000013e471a9740, 0x0000013e47646db0
}

Java Threads: ( => current thread )
  0x0000013e6eaeae20 JavaThread "main"                              [_thread_blocked, id=2616, stack(0x0000003009d00000,0x0000003009e00000) (1024K)]
  0x0000013e7f3a71f0 JavaThread "Reference Handler"          daemon [_thread_blocked, id=17780, stack(0x000000300a500000,0x000000300a600000) (1024K)]
  0x0000013e7f3a7e50 JavaThread "Finalizer"                  daemon [_thread_blocked, id=20072, stack(0x000000300a600000,0x000000300a700000) (1024K)]
  0x0000013e7f3aab40 JavaThread "Signal Dispatcher"          daemon [_thread_blocked, id=13784, stack(0x000000300a700000,0x000000300a800000) (1024K)]
  0x0000013e7f3ab5a0 JavaThread "Attach Listener"            daemon [_thread_in_vm, id=11980, stack(0x000000300a800000,0x000000300a900000) (1024K)]
  0x0000013e7f3ac000 JavaThread "Service Thread"             daemon [_thread_blocked, id=5884, stack(0x000000300a900000,0x000000300aa00000) (1024K)]
  0x0000013e7f3b4a70 JavaThread "Monitor Deflation Thread"   daemon [_thread_blocked, id=8360, stack(0x000000300aa00000,0x000000300ab00000) (1024K)]
  0x0000013e7f3e0240 JavaThread "C1 CompilerThread0"         daemon [_thread_blocked, id=16988, stack(0x000000300ab00000,0x000000300ac00000) (1024K)]
  0x0000013e7f370b80 JavaThread "Common-Cleaner"             daemon [_thread_blocked, id=2704, stack(0x000000300ac00000,0x000000300ad00000) (1024K)]
  0x0000013e7f5f4f50 JavaThread "C1 CompilerThread1"         daemon [_thread_blocked, id=14880, stack(0x000000300ad00000,0x000000300ae00000) (1024K)]
  0x0000013e7f5f5600 JavaThread "C1 CompilerThread2"         daemon [_thread_blocked, id=18728, stack(0x000000300ae00000,0x000000300af00000) (1024K)]
  0x0000013e470aab90 JavaThread "Monitor Ctrl-Break"         daemon [_thread_in_native, id=19532, stack(0x000000300af00000,0x000000300b000000) (1024K)]
  0x0000013e470ac210 JavaThread "Notification Thread"        daemon [_thread_blocked, id=16836, stack(0x000000300b000000,0x000000300b100000) (1024K)]
  0x0000013e47243d80 JavaThread "RMI TCP Accept-0"           daemon [_thread_in_native, id=17272, stack(0x000000300b100000,0x000000300b200000) (1024K)]
  0x0000013e471a9740 JavaThread "Thread-0"                          [_thread_blocked, id=6864, stack(0x000000300b900000,0x000000300ba00000) (1024K)]
=>0x0000013e47646db0 JavaThread "restartedMain"                     [_thread_in_vm, id=892, stack(0x000000300ba00000,0x000000300bb00000) (1024K)]
Total: 16

Other Threads:
  0x0000013e7f385a50 VMThread "VM Thread"                           [id=2600, stack(0x000000300a400000,0x000000300a500000) (1024K)]
  0x0000013e7f36ffd0 WatcherThread "VM Periodic Task Thread"        [id=17160, stack(0x000000300a300000,0x000000300a400000) (1024K)]
  0x0000013e70c3aea0 WorkerThread "GC Thread#0"                     [id=14436, stack(0x0000003009e00000,0x0000003009f00000) (1024K)]
  0x0000013e47633090 WorkerThread "GC Thread#1"                     [id=9964, stack(0x000000300b200000,0x000000300b300000) (1024K)]
  0x0000013e47633430 WorkerThread "GC Thread#2"                     [id=9832, stack(0x000000300b300000,0x000000300b400000) (1024K)]
  0x0000013e475ee450 WorkerThread "GC Thread#3"                     [id=12624, stack(0x000000300b400000,0x000000300b500000) (1024K)]
  0x0000013e47678290 WorkerThread "GC Thread#4"                     [id=19120, stack(0x000000300b500000,0x000000300b600000) (1024K)]
  0x0000013e47678630 WorkerThread "GC Thread#5"                     [id=20360, stack(0x000000300b600000,0x000000300b700000) (1024K)]
  0x0000013e476789d0 WorkerThread "GC Thread#6"                     [id=9376, stack(0x000000300b700000,0x000000300b800000) (1024K)]
  0x0000013e4767b200 WorkerThread "GC Thread#7"                     [id=14508, stack(0x000000300b800000,0x000000300b900000) (1024K)]
  0x0000013e6ebadf10 ConcurrentGCThread "G1 Main Marker"            [id=16372, stack(0x0000003009f00000,0x000000300a000000) (1024K)]
  0x0000013e70c48bd0 WorkerThread "G1 Conc#0"                       [id=19324, stack(0x000000300a000000,0x000000300a100000) (1024K)]
  0x0000013e7f2330d0 ConcurrentGCThread "G1 Refine#0"               [id=17868, stack(0x000000300a100000,0x000000300a200000) (1024K)]
  0x0000013e7f2339f0 ConcurrentGCThread "G1 Service"                [id=13348, stack(0x000000300a200000,0x000000300a300000) (1024K)]
Total: 14

Threads with active compile tasks:
Total: 0

VM state: not at safepoint (normal execution)

VM Mutex/Monitor currently owned by a thread:  ([mutex/lock_event])
[0x00007ffbe12564c8] Metaspace_lock - owner thread: 0x0000013e47646db0

Heap address: 0x0000000081600000, size: 2026 MB, Compressed Oops mode: 32-bit

CDS archive(s) mapped at: [0x0000013e02000000-0x0000013e02c90000-0x0000013e02c90000), size 13172736, SharedBaseAddress: 0x0000013e02000000, ArchiveRelocationMode: 1.
Compressed class space mapped at: 0x0000013e03000000-0x0000013e43000000, reserved size: 1073741824
Narrow klass base: 0x0000013e02000000, Narrow klass shift: 0, Narrow klass range: 0x100000000

GC Precious Log:
 CardTable entry size: 512
 Card Set container configuration: InlinePtr #cards 5 size 8 Array Of Cards #cards 12 size 40 Howl #buckets 4 coarsen threshold 1843 Howl Bitmap #cards 512 size 80 coarsen threshold 460 Card regions per heap region 1 cards per card region 2048
 CPUs: 8 total, 8 available
 Memory: 8101M
 Large Page Support: Disabled
 NUMA Support: Disabled
 Compressed Oops: Enabled (32-bit)
 Heap Region Size: 1M
 Heap Min Capacity: 8M
 Heap Initial Capacity: 128M
 Heap Max Capacity: 2026M
 Pre-touch: Disabled
 Parallel Workers: 8
 Concurrent Workers: 2
 Concurrent Refinement Workers: 8
 Periodic GC: Disabled

Heap:
 garbage-first heap   total 131072K, used 22741K [0x0000000081600000, 0x0000000100000000)
  region size 1024K, 19 young (19456K), 3 survivors (3072K)
 Metaspace       used 10331K, committed 10560K, reserved 1114112K
  class space    used 1355K, committed 1472K, reserved 1048576K

Heap Regions: E=young(eden), S=young(survivor), O=old, HS=humongous(starts), HC=humongous(continues), CS=collection set, F=free, TAMS=top-at-mark-start, PB=parsable bottom
|   0|0x0000000081600000, 0x0000000081700000, 0x0000000081700000|100%|HS|  |TAMS 0x0000000081600000| PB 0x0000000081600000| Complete 
|   1|0x0000000081700000, 0x0000000081800000, 0x0000000081800000|100%| O|  |TAMS 0x0000000081700000| PB 0x0000000081700000| Untracked 
|   2|0x0000000081800000, 0x0000000081900000, 0x0000000081900000|100%| O|  |TAMS 0x0000000081800000| PB 0x0000000081800000| Untracked 
|   3|0x0000000081900000, 0x0000000081a00000, 0x0000000081a00000|100%| O|  |TAMS 0x0000000081900000| PB 0x0000000081900000| Untracked 
|   4|0x0000000081a00000, 0x0000000081a35520, 0x0000000081b00000| 20%| O|  |TAMS 0x0000000081a00000| PB 0x0000000081a00000| Untracked 
|   5|0x0000000081b00000, 0x0000000081b00000, 0x0000000081c00000|  0%| F|  |TAMS 0x0000000081b00000| PB 0x0000000081b00000| Untracked 
|   6|0x0000000081c00000, 0x0000000081c00000, 0x0000000081d00000|  0%| F|  |TAMS 0x0000000081c00000| PB 0x0000000081c00000| Untracked 
|   7|0x0000000081d00000, 0x0000000081d00000, 0x0000000081e00000|  0%| F|  |TAMS 0x0000000081d00000| PB 0x0000000081d00000| Untracked 
|   8|0x0000000081e00000, 0x0000000081e00000, 0x0000000081f00000|  0%| F|  |TAMS 0x0000000081e00000| PB 0x0000000081e00000| Untracked 
|   9|0x0000000081f00000, 0x0000000081f00000, 0x0000000082000000|  0%| F|  |TAMS 0x0000000081f00000| PB 0x0000000081f00000| Untracked 
|  10|0x0000000082000000, 0x0000000082000000, 0x0000000082100000|  0%| F|  |TAMS 0x0000000082000000| PB 0x0000000082000000| Untracked 
|  11|0x0000000082100000, 0x0000000082100000, 0x0000000082200000|  0%| F|  |TAMS 0x0000000082100000| PB 0x0000000082100000| Untracked 
|  12|0x0000000082200000, 0x0000000082200000, 0x0000000082300000|  0%| F|  |TAMS 0x0000000082200000| PB 0x0000000082200000| Untracked 
|  13|0x0000000082300000, 0x0000000082300000, 0x0000000082400000|  0%| F|  |TAMS 0x0000000082300000| PB 0x0000000082300000| Untracked 
|  14|0x0000000082400000, 0x0000000082400000, 0x0000000082500000|  0%| F|  |TAMS 0x0000000082400000| PB 0x0000000082400000| Untracked 
|  15|0x0000000082500000, 0x0000000082500000, 0x0000000082600000|  0%| F|  |TAMS 0x0000000082500000| PB 0x0000000082500000| Untracked 
|  16|0x0000000082600000, 0x0000000082600000, 0x0000000082700000|  0%| F|  |TAMS 0x0000000082600000| PB 0x0000000082600000| Untracked 
|  17|0x0000000082700000, 0x0000000082700000, 0x0000000082800000|  0%| F|  |TAMS 0x0000000082700000| PB 0x0000000082700000| Untracked 
|  18|0x0000000082800000, 0x0000000082800000, 0x0000000082900000|  0%| F|  |TAMS 0x0000000082800000| PB 0x0000000082800000| Untracked 
|  19|0x0000000082900000, 0x0000000082900000, 0x0000000082a00000|  0%| F|  |TAMS 0x0000000082900000| PB 0x0000000082900000| Untracked 
|  20|0x0000000082a00000, 0x0000000082a00000, 0x0000000082b00000|  0%| F|  |TAMS 0x0000000082a00000| PB 0x0000000082a00000| Untracked 
|  21|0x0000000082b00000, 0x0000000082b00000, 0x0000000082c00000|  0%| F|  |TAMS 0x0000000082b00000| PB 0x0000000082b00000| Untracked 
|  22|0x0000000082c00000, 0x0000000082c00000, 0x0000000082d00000|  0%| F|  |TAMS 0x0000000082c00000| PB 0x0000000082c00000| Untracked 
|  23|0x0000000082d00000, 0x0000000082d00000, 0x0000000082e00000|  0%| F|  |TAMS 0x0000000082d00000| PB 0x0000000082d00000| Untracked 
|  24|0x0000000082e00000, 0x0000000082e00000, 0x0000000082f00000|  0%| F|  |TAMS 0x0000000082e00000| PB 0x0000000082e00000| Untracked 
|  25|0x0000000082f00000, 0x0000000082f00000, 0x0000000083000000|  0%| F|  |TAMS 0x0000000082f00000| PB 0x0000000082f00000| Untracked 
|  26|0x0000000083000000, 0x0000000083000000, 0x0000000083100000|  0%| F|  |TAMS 0x0000000083000000| PB 0x0000000083000000| Untracked 
|  27|0x0000000083100000, 0x0000000083100000, 0x0000000083200000|  0%| F|  |TAMS 0x0000000083100000| PB 0x0000000083100000| Untracked 
|  28|0x0000000083200000, 0x0000000083200000, 0x0000000083300000|  0%| F|  |TAMS 0x0000000083200000| PB 0x0000000083200000| Untracked 
|  29|0x0000000083300000, 0x0000000083300000, 0x0000000083400000|  0%| F|  |TAMS 0x0000000083300000| PB 0x0000000083300000| Untracked 
|  30|0x0000000083400000, 0x0000000083400000, 0x0000000083500000|  0%| F|  |TAMS 0x0000000083400000| PB 0x0000000083400000| Untracked 
|  31|0x0000000083500000, 0x0000000083500000, 0x0000000083600000|  0%| F|  |TAMS 0x0000000083500000| PB 0x0000000083500000| Untracked 
|  32|0x0000000083600000, 0x0000000083600000, 0x0000000083700000|  0%| F|  |TAMS 0x0000000083600000| PB 0x0000000083600000| Untracked 
|  33|0x0000000083700000, 0x0000000083700000, 0x0000000083800000|  0%| F|  |TAMS 0x0000000083700000| PB 0x0000000083700000| Untracked 
|  34|0x0000000083800000, 0x0000000083800000, 0x0000000083900000|  0%| F|  |TAMS 0x0000000083800000| PB 0x0000000083800000| Untracked 
|  35|0x0000000083900000, 0x0000000083900000, 0x0000000083a00000|  0%| F|  |TAMS 0x0000000083900000| PB 0x0000000083900000| Untracked 
|  36|0x0000000083a00000, 0x0000000083a00000, 0x0000000083b00000|  0%| F|  |TAMS 0x0000000083a00000| PB 0x0000000083a00000| Untracked 
|  37|0x0000000083b00000, 0x0000000083b00000, 0x0000000083c00000|  0%| F|  |TAMS 0x0000000083b00000| PB 0x0000000083b00000| Untracked 
|  38|0x0000000083c00000, 0x0000000083c00000, 0x0000000083d00000|  0%| F|  |TAMS 0x0000000083c00000| PB 0x0000000083c00000| Untracked 
|  39|0x0000000083d00000, 0x0000000083d00000, 0x0000000083e00000|  0%| F|  |TAMS 0x0000000083d00000| PB 0x0000000083d00000| Untracked 
|  40|0x0000000083e00000, 0x0000000083e00000, 0x0000000083f00000|  0%| F|  |TAMS 0x0000000083e00000| PB 0x0000000083e00000| Untracked 
|  41|0x0000000083f00000, 0x0000000083f00000, 0x0000000084000000|  0%| F|  |TAMS 0x0000000083f00000| PB 0x0000000083f00000| Untracked 
|  42|0x0000000084000000, 0x0000000084000000, 0x0000000084100000|  0%| F|  |TAMS 0x0000000084000000| PB 0x0000000084000000| Untracked 
|  43|0x0000000084100000, 0x0000000084100000, 0x0000000084200000|  0%| F|  |TAMS 0x0000000084100000| PB 0x0000000084100000| Untracked 
|  44|0x0000000084200000, 0x0000000084200000, 0x0000000084300000|  0%| F|  |TAMS 0x0000000084200000| PB 0x0000000084200000| Untracked 
|  45|0x0000000084300000, 0x0000000084300000, 0x0000000084400000|  0%| F|  |TAMS 0x0000000084300000| PB 0x0000000084300000| Untracked 
|  46|0x0000000084400000, 0x0000000084400000, 0x0000000084500000|  0%| F|  |TAMS 0x0000000084400000| PB 0x0000000084400000| Untracked 
|  47|0x0000000084500000, 0x0000000084500000, 0x0000000084600000|  0%| F|  |TAMS 0x0000000084500000| PB 0x0000000084500000| Untracked 
|  48|0x0000000084600000, 0x0000000084600000, 0x0000000084700000|  0%| F|  |TAMS 0x0000000084600000| PB 0x0000000084600000| Untracked 
|  49|0x0000000084700000, 0x0000000084700000, 0x0000000084800000|  0%| F|  |TAMS 0x0000000084700000| PB 0x0000000084700000| Untracked 
|  50|0x0000000084800000, 0x0000000084800000, 0x0000000084900000|  0%| F|  |TAMS 0x0000000084800000| PB 0x0000000084800000| Untracked 
|  51|0x0000000084900000, 0x0000000084900000, 0x0000000084a00000|  0%| F|  |TAMS 0x0000000084900000| PB 0x0000000084900000| Untracked 
|  52|0x0000000084a00000, 0x0000000084a00000, 0x0000000084b00000|  0%| F|  |TAMS 0x0000000084a00000| PB 0x0000000084a00000| Untracked 
|  53|0x0000000084b00000, 0x0000000084b00000, 0x0000000084c00000|  0%| F|  |TAMS 0x0000000084b00000| PB 0x0000000084b00000| Untracked 
|  54|0x0000000084c00000, 0x0000000084c00000, 0x0000000084d00000|  0%| F|  |TAMS 0x0000000084c00000| PB 0x0000000084c00000| Untracked 
|  55|0x0000000084d00000, 0x0000000084d00000, 0x0000000084e00000|  0%| F|  |TAMS 0x0000000084d00000| PB 0x0000000084d00000| Untracked 
|  56|0x0000000084e00000, 0x0000000084e00000, 0x0000000084f00000|  0%| F|  |TAMS 0x0000000084e00000| PB 0x0000000084e00000| Untracked 
|  57|0x0000000084f00000, 0x0000000084f00000, 0x0000000085000000|  0%| F|  |TAMS 0x0000000084f00000| PB 0x0000000084f00000| Untracked 
|  58|0x0000000085000000, 0x0000000085000000, 0x0000000085100000|  0%| F|  |TAMS 0x0000000085000000| PB 0x0000000085000000| Untracked 
|  59|0x0000000085100000, 0x0000000085100000, 0x0000000085200000|  0%| F|  |TAMS 0x0000000085100000| PB 0x0000000085100000| Untracked 
|  60|0x0000000085200000, 0x0000000085200000, 0x0000000085300000|  0%| F|  |TAMS 0x0000000085200000| PB 0x0000000085200000| Untracked 
|  61|0x0000000085300000, 0x0000000085300000, 0x0000000085400000|  0%| F|  |TAMS 0x0000000085300000| PB 0x0000000085300000| Untracked 
|  62|0x0000000085400000, 0x0000000085400000, 0x0000000085500000|  0%| F|  |TAMS 0x0000000085400000| PB 0x0000000085400000| Untracked 
|  63|0x0000000085500000, 0x0000000085500000, 0x0000000085600000|  0%| F|  |TAMS 0x0000000085500000| PB 0x0000000085500000| Untracked 
|  64|0x0000000085600000, 0x0000000085600000, 0x0000000085700000|  0%| F|  |TAMS 0x0000000085600000| PB 0x0000000085600000| Untracked 
|  65|0x0000000085700000, 0x0000000085700000, 0x0000000085800000|  0%| F|  |TAMS 0x0000000085700000| PB 0x0000000085700000| Untracked 
|  66|0x0000000085800000, 0x0000000085800000, 0x0000000085900000|  0%| F|  |TAMS 0x0000000085800000| PB 0x0000000085800000| Untracked 
|  67|0x0000000085900000, 0x0000000085900000, 0x0000000085a00000|  0%| F|  |TAMS 0x0000000085900000| PB 0x0000000085900000| Untracked 
|  68|0x0000000085a00000, 0x0000000085a00000, 0x0000000085b00000|  0%| F|  |TAMS 0x0000000085a00000| PB 0x0000000085a00000| Untracked 
|  69|0x0000000085b00000, 0x0000000085b00000, 0x0000000085c00000|  0%| F|  |TAMS 0x0000000085b00000| PB 0x0000000085b00000| Untracked 
|  70|0x0000000085c00000, 0x0000000085c00000, 0x0000000085d00000|  0%| F|  |TAMS 0x0000000085c00000| PB 0x0000000085c00000| Untracked 
|  71|0x0000000085d00000, 0x0000000085d00000, 0x0000000085e00000|  0%| F|  |TAMS 0x0000000085d00000| PB 0x0000000085d00000| Untracked 
|  72|0x0000000085e00000, 0x0000000085e00000, 0x0000000085f00000|  0%| F|  |TAMS 0x0000000085e00000| PB 0x0000000085e00000| Untracked 
|  73|0x0000000085f00000, 0x0000000085f00000, 0x0000000086000000|  0%| F|  |TAMS 0x0000000085f00000| PB 0x0000000085f00000| Untracked 
|  74|0x0000000086000000, 0x0000000086000000, 0x0000000086100000|  0%| F|  |TAMS 0x0000000086000000| PB 0x0000000086000000| Untracked 
|  75|0x0000000086100000, 0x0000000086100000, 0x0000000086200000|  0%| F|  |TAMS 0x0000000086100000| PB 0x0000000086100000| Untracked 
|  76|0x0000000086200000, 0x0000000086200000, 0x0000000086300000|  0%| F|  |TAMS 0x0000000086200000| PB 0x0000000086200000| Untracked 
|  77|0x0000000086300000, 0x0000000086300000, 0x0000000086400000|  0%| F|  |TAMS 0x0000000086300000| PB 0x0000000086300000| Untracked 
|  78|0x0000000086400000, 0x0000000086400000, 0x0000000086500000|  0%| F|  |TAMS 0x0000000086400000| PB 0x0000000086400000| Untracked 
|  79|0x0000000086500000, 0x0000000086500000, 0x0000000086600000|  0%| F|  |TAMS 0x0000000086500000| PB 0x0000000086500000| Untracked 
|  80|0x0000000086600000, 0x0000000086600000, 0x0000000086700000|  0%| F|  |TAMS 0x0000000086600000| PB 0x0000000086600000| Untracked 
|  81|0x0000000086700000, 0x0000000086700000, 0x0000000086800000|  0%| F|  |TAMS 0x0000000086700000| PB 0x0000000086700000| Untracked 
|  82|0x0000000086800000, 0x0000000086800000, 0x0000000086900000|  0%| F|  |TAMS 0x0000000086800000| PB 0x0000000086800000| Untracked 
|  83|0x0000000086900000, 0x0000000086900000, 0x0000000086a00000|  0%| F|  |TAMS 0x0000000086900000| PB 0x0000000086900000| Untracked 
|  84|0x0000000086a00000, 0x0000000086a00000, 0x0000000086b00000|  0%| F|  |TAMS 0x0000000086a00000| PB 0x0000000086a00000| Untracked 
|  85|0x0000000086b00000, 0x0000000086b00000, 0x0000000086c00000|  0%| F|  |TAMS 0x0000000086b00000| PB 0x0000000086b00000| Untracked 
|  86|0x0000000086c00000, 0x0000000086c00000, 0x0000000086d00000|  0%| F|  |TAMS 0x0000000086c00000| PB 0x0000000086c00000| Untracked 
|  87|0x0000000086d00000, 0x0000000086d00000, 0x0000000086e00000|  0%| F|  |TAMS 0x0000000086d00000| PB 0x0000000086d00000| Untracked 
|  88|0x0000000086e00000, 0x0000000086e00000, 0x0000000086f00000|  0%| F|  |TAMS 0x0000000086e00000| PB 0x0000000086e00000| Untracked 
|  89|0x0000000086f00000, 0x0000000086f00000, 0x0000000087000000|  0%| F|  |TAMS 0x0000000086f00000| PB 0x0000000086f00000| Untracked 
|  90|0x0000000087000000, 0x0000000087000000, 0x0000000087100000|  0%| F|  |TAMS 0x0000000087000000| PB 0x0000000087000000| Untracked 
|  91|0x0000000087100000, 0x0000000087100000, 0x0000000087200000|  0%| F|  |TAMS 0x0000000087100000| PB 0x0000000087100000| Untracked 
|  92|0x0000000087200000, 0x0000000087200000, 0x0000000087300000|  0%| F|  |TAMS 0x0000000087200000| PB 0x0000000087200000| Untracked 
|  93|0x0000000087300000, 0x0000000087300000, 0x0000000087400000|  0%| F|  |TAMS 0x0000000087300000| PB 0x0000000087300000| Untracked 
|  94|0x0000000087400000, 0x0000000087400000, 0x0000000087500000|  0%| F|  |TAMS 0x0000000087400000| PB 0x0000000087400000| Untracked 
|  95|0x0000000087500000, 0x0000000087500000, 0x0000000087600000|  0%| F|  |TAMS 0x0000000087500000| PB 0x0000000087500000| Untracked 
|  96|0x0000000087600000, 0x0000000087600000, 0x0000000087700000|  0%| F|  |TAMS 0x0000000087600000| PB 0x0000000087600000| Untracked 
|  97|0x0000000087700000, 0x0000000087700000, 0x0000000087800000|  0%| F|  |TAMS 0x0000000087700000| PB 0x0000000087700000| Untracked 
|  98|0x0000000087800000, 0x0000000087800000, 0x0000000087900000|  0%| F|  |TAMS 0x0000000087800000| PB 0x0000000087800000| Untracked 
|  99|0x0000000087900000, 0x0000000087900000, 0x0000000087a00000|  0%| F|  |TAMS 0x0000000087900000| PB 0x0000000087900000| Untracked 
| 100|0x0000000087a00000, 0x0000000087a00000, 0x0000000087b00000|  0%| F|  |TAMS 0x0000000087a00000| PB 0x0000000087a00000| Untracked 
| 101|0x0000000087b00000, 0x0000000087b00000, 0x0000000087c00000|  0%| F|  |TAMS 0x0000000087b00000| PB 0x0000000087b00000| Untracked 
| 102|0x0000000087c00000, 0x0000000087d00000, 0x0000000087d00000|100%| S|CS|TAMS 0x0000000087c00000| PB 0x0000000087c00000| Complete 
| 103|0x0000000087d00000, 0x0000000087e00000, 0x0000000087e00000|100%| S|CS|TAMS 0x0000000087d00000| PB 0x0000000087d00000| Complete 
| 104|0x0000000087e00000, 0x0000000087f00000, 0x0000000087f00000|100%| S|CS|TAMS 0x0000000087e00000| PB 0x0000000087e00000| Complete 
| 105|0x0000000087f00000, 0x0000000087f00000, 0x0000000088000000|  0%| F|  |TAMS 0x0000000087f00000| PB 0x0000000087f00000| Untracked 
| 106|0x0000000088000000, 0x0000000088000000, 0x0000000088100000|  0%| F|  |TAMS 0x0000000088000000| PB 0x0000000088000000| Untracked 
| 107|0x0000000088100000, 0x0000000088100000, 0x0000000088200000|  0%| F|  |TAMS 0x0000000088100000| PB 0x0000000088100000| Untracked 
| 108|0x0000000088200000, 0x0000000088200000, 0x0000000088300000|  0%| F|  |TAMS 0x0000000088200000| PB 0x0000000088200000| Untracked 
| 109|0x0000000088300000, 0x0000000088300000, 0x0000000088400000|  0%| F|  |TAMS 0x0000000088300000| PB 0x0000000088300000| Untracked 
| 110|0x0000000088400000, 0x0000000088400000, 0x0000000088500000|  0%| F|  |TAMS 0x0000000088400000| PB 0x0000000088400000| Untracked 
| 111|0x0000000088500000, 0x0000000088500000, 0x0000000088600000|  0%| F|  |TAMS 0x0000000088500000| PB 0x0000000088500000| Untracked 
| 112|0x0000000088600000, 0x00000000886f6a10, 0x0000000088700000| 96%| E|  |TAMS 0x0000000088600000| PB 0x0000000088600000| Complete 
| 113|0x0000000088700000, 0x0000000088800000, 0x0000000088800000|100%| E|CS|TAMS 0x0000000088700000| PB 0x0000000088700000| Complete 
| 114|0x0000000088800000, 0x0000000088900000, 0x0000000088900000|100%| E|CS|TAMS 0x0000000088800000| PB 0x0000000088800000| Complete 
| 115|0x0000000088900000, 0x0000000088a00000, 0x0000000088a00000|100%| E|CS|TAMS 0x0000000088900000| PB 0x0000000088900000| Complete 
| 116|0x0000000088a00000, 0x0000000088b00000, 0x0000000088b00000|100%| E|CS|TAMS 0x0000000088a00000| PB 0x0000000088a00000| Complete 
| 117|0x0000000088b00000, 0x0000000088c00000, 0x0000000088c00000|100%| E|CS|TAMS 0x0000000088b00000| PB 0x0000000088b00000| Complete 
| 118|0x0000000088c00000, 0x0000000088d00000, 0x0000000088d00000|100%| E|CS|TAMS 0x0000000088c00000| PB 0x0000000088c00000| Complete 
| 119|0x0000000088d00000, 0x0000000088e00000, 0x0000000088e00000|100%| E|CS|TAMS 0x0000000088d00000| PB 0x0000000088d00000| Complete 
| 120|0x0000000088e00000, 0x0000000088f00000, 0x0000000088f00000|100%| E|CS|TAMS 0x0000000088e00000| PB 0x0000000088e00000| Complete 
| 121|0x0000000088f00000, 0x0000000089000000, 0x0000000089000000|100%| E|CS|TAMS 0x0000000088f00000| PB 0x0000000088f00000| Complete 
| 122|0x0000000089000000, 0x0000000089100000, 0x0000000089100000|100%| E|CS|TAMS 0x0000000089000000| PB 0x0000000089000000| Complete 
| 123|0x0000000089100000, 0x0000000089200000, 0x0000000089200000|100%| E|CS|TAMS 0x0000000089100000| PB 0x0000000089100000| Complete 
| 124|0x0000000089200000, 0x0000000089300000, 0x0000000089300000|100%| E|CS|TAMS 0x0000000089200000| PB 0x0000000089200000| Complete 
| 125|0x0000000089300000, 0x0000000089400000, 0x0000000089400000|100%| E|CS|TAMS 0x0000000089300000| PB 0x0000000089300000| Complete 
| 126|0x0000000089400000, 0x0000000089500000, 0x0000000089500000|100%| E|CS|TAMS 0x0000000089400000| PB 0x0000000089400000| Complete 
| 127|0x0000000089500000, 0x0000000089600000, 0x0000000089600000|100%| E|CS|TAMS 0x0000000089500000| PB 0x0000000089500000| Complete 

Card table byte_map: [0x0000013e7c540000,0x0000013e7c940000] _byte_map_base: 0x0000013e7c135000

Marking Bits: (CMBitMap*) 0x0000013e70c3b350
 Bits: [0x0000013e7c940000, 0x0000013e7e8e8000)

Polling page: 0x0000013e6ed60000

Metaspace:

Usage:
  Non-class:      8.77 MB used.
      Class:      1.32 MB used.
       Both:     10.09 MB used.

Virtual space:
  Non-class space:       64.00 MB reserved,       8.88 MB ( 14%) committed,  1 nodes.
      Class space:        1.00 GB reserved,       1.44 MB ( <1%) committed,  1 nodes.
             Both:        1.06 GB reserved,      10.31 MB ( <1%) committed. 

Chunk freelists:
   Non-Class:  7.05 MB
       Class:  14.59 MB
        Both:  21.64 MB

MaxMetaspaceSize: unlimited
CompressedClassSpaceSize: 1.00 GB
Initial GC threshold: 21.00 MB
Current GC threshold: 21.00 MB
CDS: on
 - commit_granule_bytes: 65536.
 - commit_granule_words: 8192.
 - virtual_space_node_default_size: 8388608.
 - enlarge_chunks_in_place: 1.
 - use_allocation_guard: 0.


Internal statistics:

num_allocs_failed_limit: 0.
num_arena_births: 280.
num_arena_deaths: 0.
num_vsnodes_births: 2.
num_vsnodes_deaths: 0.
num_space_committed: 165.
num_space_uncommitted: 0.
num_chunks_returned_to_freelist: 0.
num_chunks_taken_from_freelist: 510.
num_chunk_merges: 0.
num_chunk_splits: 327.
num_chunks_enlarged: 217.
num_inconsistent_stats: 0.

CodeCache: size=49152Kb used=5330Kb max_used=5330Kb free=43822Kb
 bounds [0x0000013e79030000, 0x0000013e79570000, 0x0000013e7c030000]
 total_blobs=2451 nmethods=1963 adapters=410
 compilation: enabled
              stopped_count=0, restarted_count=0
 full_count=0

Compilation events (20 events):
Event: 1.071 Thread 0x0000013e7f5f5600 nmethod 1951 0x0000013e79560790 code [0x0000013e79560940, 0x0000013e79560a20]
Event: 1.071 Thread 0x0000013e7f3e0240 nmethod 1952 0x0000013e79560a90 code [0x0000013e79560c60, 0x0000013e79560e90]
Event: 1.071 Thread 0x0000013e7f5f5600 1953       1       java.lang.invoke.MethodHandle::getApproximateCommonClassLoader (58 bytes)
Event: 1.071 Thread 0x0000013e7f5f4f50 1954       1       java.lang.invoke.MethodHandle::keepsAlive (49 bytes)
Event: 1.072 Thread 0x0000013e7f5f4f50 nmethod 1954 0x0000013e79560f90 code [0x0000013e79561160, 0x0000013e79561400]
Event: 1.072 Thread 0x0000013e7f5f5600 nmethod 1953 0x0000013e79561590 code [0x0000013e79561740, 0x0000013e795619c8]
Event: 1.073 Thread 0x0000013e7f5f5600 1955       1       jdk.internal.misc.VM::isModuleSystemInited (13 bytes)
Event: 1.073 Thread 0x0000013e7f5f4f50 1956       1       java.util.Collections$UnmodifiableCollection::iterator (9 bytes)
Event: 1.073 Thread 0x0000013e7f5f5600 nmethod 1955 0x0000013e79561b90 code [0x0000013e79561d20, 0x0000013e79561df0]
Event: 1.073 Thread 0x0000013e7f3e0240 1957       1       java.util.Collections$UnmodifiableCollection$1::<init> (26 bytes)
Event: 1.073 Thread 0x0000013e7f5f4f50 nmethod 1956 0x0000013e79561e90 code [0x0000013e79562040, 0x0000013e79562250]
Event: 1.073 Thread 0x0000013e7f3e0240 nmethod 1957 0x0000013e79562310 code [0x0000013e795624c0, 0x0000013e79562670]
Event: 1.073 Thread 0x0000013e7f5f4f50 1958       1       org.springframework.boot.context.properties.source.ConfigurationPropertyName$Elements::chop (32 bytes)
Event: 1.073 Thread 0x0000013e7f5f5600 1959       1       org.springframework.boot.context.properties.source.SpringConfigurationPropertySources$SourcesIterator::fetchNext (139 bytes)
Event: 1.073 Thread 0x0000013e7f3e0240 1960       1       java.util.concurrent.CopyOnWriteArrayList$COWIterator::next (32 bytes)
Event: 1.074 Thread 0x0000013e7f5f4f50 nmethod 1958 0x0000013e79562710 code [0x0000013e795628c0, 0x0000013e79562bd0]
Event: 1.074 Thread 0x0000013e7f3e0240 nmethod 1960 0x0000013e79562d10 code [0x0000013e79562ec0, 0x0000013e79563080]
Event: 1.074 Thread 0x0000013e7f5f5600 nmethod 1959 0x0000013e79563190 code [0x0000013e79563440, 0x0000013e79563b88]
Event: 1.074 Thread 0x0000013e7f5f5600 1961       1       java.util.concurrent.ConcurrentHashMap$Traverser::<init> (36 bytes)
Event: 1.074 Thread 0x0000013e7f5f5600 nmethod 1961 0x0000013e79563e90 code [0x0000013e79564020, 0x0000013e79564168]

GC Heap History (2 events):
Event: 0.788 GC heap before
{Heap before GC invocations=0 (full 0):
 garbage-first heap   total 131072K, used 23552K [0x0000000081600000, 0x0000000100000000)
  region size 1024K, 23 young (23552K), 0 survivors (0K)
 Metaspace       used 7580K, committed 7744K, reserved 1114112K
  class space    used 935K, committed 1024K, reserved 1048576K
}
Event: 0.795 GC heap after
{Heap after GC invocations=1 (full 0):
 garbage-first heap   total 131072K, used 7381K [0x0000000081600000, 0x0000000100000000)
  region size 1024K, 3 young (3072K), 3 survivors (3072K)
 Metaspace       used 7580K, committed 7744K, reserved 1114112K
  class space    used 935K, committed 1024K, reserved 1048576K
}

Dll operation events (11 events):
Event: 0.010 Loaded shared library C:\Users\Abel\.jdks\openjdk-21\bin\java.dll
Event: 0.150 Loaded shared library C:\Users\Abel\.jdks\openjdk-21\bin\zip.dll
Event: 0.155 Loaded shared library C:\Users\Abel\.jdks\openjdk-21\bin\instrument.dll
Event: 0.160 Loaded shared library C:\Users\Abel\.jdks\openjdk-21\bin\net.dll
Event: 0.165 Loaded shared library C:\Users\Abel\.jdks\openjdk-21\bin\nio.dll
Event: 0.168 Loaded shared library C:\Users\Abel\.jdks\openjdk-21\bin\zip.dll
Event: 0.241 Loaded shared library F:\programas\IntelliJ IDEA 2023.2.2\bin\breakgen64.dll
Event: 0.245 Loaded shared library C:\Users\Abel\.jdks\openjdk-21\bin\jimage.dll
Event: 0.249 Loaded shared library C:\Users\Abel\.jdks\openjdk-21\bin\extnet.dll
Event: 0.261 Loaded shared library C:\Users\Abel\.jdks\openjdk-21\bin\management.dll
Event: 0.270 Loaded shared library C:\Users\Abel\.jdks\openjdk-21\bin\management_ext.dll

Deoptimization events (4 events):
Event: 0.386 Thread 0x0000013e6eaeae20 DEOPT PACKING pc=0x0000013e7937f0dd sp=0x0000003009dfd460
Event: 0.386 Thread 0x0000013e6eaeae20 DEOPT UNPACKING pc=0x0000013e79084e42 sp=0x0000003009dfc910 mode 3
Event: 0.398 Thread 0x0000013e6eaeae20 DEOPT PACKING pc=0x0000013e793967e0 sp=0x0000003009dfd360
Event: 0.398 Thread 0x0000013e6eaeae20 DEOPT UNPACKING pc=0x0000013e79084e42 sp=0x0000003009dfc818 mode 3

Classes loaded (20 events):
Event: 1.020 Loading class java/io/LineNumberReader
Event: 1.020 Loading class java/io/LineNumberReader done
Event: 1.026 Loading class sun/nio/cs/ISO_8859_1$Decoder
Event: 1.026 Loading class sun/nio/cs/ISO_8859_1$Decoder done
Event: 1.032 Loading class java/util/stream/MatchOps$1MatchSink
Event: 1.032 Loading class java/util/stream/MatchOps$1MatchSink done
Event: 1.034 Loading class java/lang/reflect/Executable$ParameterData
Event: 1.034 Loading class java/lang/reflect/Executable$ParameterData done
Event: 1.037 Loading class sun/reflect/generics/scope/ConstructorScope
Event: 1.037 Loading class sun/reflect/generics/scope/ConstructorScope done
Event: 1.079 Loading class java/util/concurrent/ConcurrentLinkedDeque$Itr
Event: 1.079 Loading class java/util/concurrent/ConcurrentLinkedDeque$AbstractItr
Event: 1.079 Loading class java/util/concurrent/ConcurrentLinkedDeque$AbstractItr done
Event: 1.079 Loading class java/util/concurrent/ConcurrentLinkedDeque$Itr done
Event: 1.081 Loading class org/xml/sax/InputSource
Event: 1.081 Loading class org/xml/sax/InputSource done
Event: 1.081 Loading class java/nio/file/FileSystemNotFoundException
Event: 1.081 Loading class java/nio/file/FileSystemNotFoundException done
Event: 1.083 Loading class java/util/zip/ZipException
Event: 1.084 Loading class java/util/zip/ZipException done

Classes unloaded (0 events):
No events

Classes redefined (0 events):
No events

Internal exceptions (20 events):
Event: 0.752 Thread 0x0000013e6eaeae20 Exception <a 'java/lang/NoSuchMethodError'{0x0000000088067f88}: 'java.lang.Object java.lang.invoke.DirectMethodHandle$Holder.invokeInterface(java.lang.Object, java.lang.Object, java.lang.Object)'> (0x0000000088067f88) 
thrown [s\open\src\hotspot\share\interpreter\linkResolver.cpp, line 773]
Event: 0.835 Thread 0x0000013e47646db0 Exception <a 'java/lang/NoSuchMethodError'{0x00000000892c22c0}: 'int java.lang.invoke.DirectMethodHandle$Holder.invokeStaticInit(java.lang.Object, java.lang.Object, java.lang.Object)'> (0x00000000892c22c0) 
thrown [s\open\src\hotspot\share\interpreter\linkResolver.cpp, line 773]
Event: 0.842 Thread 0x0000013e47646db0 Exception <a 'java/lang/NoSuchMethodError'{0x0000000089126f00}: 'java.lang.Object java.lang.invoke.DirectMethodHandle$Holder.newInvokeSpecial(java.lang.Object, java.lang.Object, java.lang.Object, java.lang.Object, java.lang.Object)'> (0x0000000089126f00) 
thrown [s\open\src\hotspot\share\interpreter\linkResolver.cpp, line 773]
Event: 0.855 Thread 0x0000013e47646db0 Exception <a 'java/lang/IncompatibleClassChangeError'{0x00000000891e2520}: Found class java.lang.Object, but interface was expected> (0x00000000891e2520) 
thrown [s\open\src\hotspot\share\interpreter\linkResolver.cpp, line 840]
Event: 0.865 Thread 0x0000013e47646db0 Exception <a 'sun/nio/fs/WindowsException'{0x0000000089061a90}> (0x0000000089061a90) 
thrown [s\open\src\hotspot\share\prims\jni.cpp, line 520]
Event: 0.971 Thread 0x0000013e47646db0 Exception <a 'java/lang/NoSuchMethodError'{0x0000000088b7ba70}: 'java.lang.Object java.lang.invoke.DirectMethodHandle$Holder.newInvokeSpecial(java.lang.Object, java.lang.Object, java.lang.Object, java.lang.Object, java.lang.Object, java.lang.Object, java.lang.Object)'> (0x0000000088b7ba70) 
thrown [s\open\src\hotspot\share\interpreter\linkResolver.cpp, line 773]
Event: 0.973 Thread 0x0000013e47646db0 Exception <a 'java/lang/NoSuchMethodError'{0x0000000088b97c30}: 'void java.lang.invoke.DirectMethodHandle$Holder.invokeStaticInit(java.lang.Object, java.lang.Object)'> (0x0000000088b97c30) 
thrown [s\open\src\hotspot\share\interpreter\linkResolver.cpp, line 773]
Event: 0.977 Thread 0x0000013e47646db0 Exception <a 'java/lang/NoSuchMethodError'{0x0000000088be5ef0}: 'int java.lang.invoke.DirectMethodHandle$Holder.invokeStatic(java.lang.Object, java.lang.Object, java.lang.Object, java.lang.Object)'> (0x0000000088be5ef0) 
thrown [s\open\src\hotspot\share\interpreter\linkResolver.cpp, line 773]
Event: 0.978 Thread 0x0000013e47646db0 Exception <a 'java/lang/NoSuchMethodError'{0x0000000088be9570}: 'java.lang.Object java.lang.invoke.Invokers$Holder.invokeExact_MT(java.lang.Object, java.lang.Object, java.lang.Object, java.lang.Object, java.lang.Object, java.lang.Object)'> (0x0000000088be9570) 
thrown [s\open\src\hotspot\share\interpreter\linkResolver.cpp, line 773]
Event: 0.987 Thread 0x0000013e47646db0 Exception <a 'java/lang/NoSuchMethodError'{0x0000000088a49060}: 'java.lang.Object java.lang.invoke.DirectMethodHandle$Holder.invokeSpecial(java.lang.Object, java.lang.Object, java.lang.Object, java.lang.Object, java.lang.Object, java.lang.Object, int)'> (0x0000000088a49060) 
thrown [s\open\src\hotspot\share\interpreter\linkResolver.cpp, line 773]
Event: 0.987 Thread 0x0000013e47646db0 Exception <a 'java/lang/NoSuchMethodError'{0x0000000088a52568}: 'java.lang.Object java.lang.invoke.DirectMethodHandle$Holder.newInvokeSpecial(java.lang.Object, java.lang.Object, java.lang.Object, java.lang.Object, java.lang.Object, java.lang.Object, int)'> (0x0000000088a52568) 
thrown [s\open\src\hotspot\share\interpreter\linkResolver.cpp, line 773]
Event: 0.987 Thread 0x0000013e47646db0 Exception <a 'java/lang/NoSuchMethodError'{0x0000000088a56b18}: 'java.lang.Object java.lang.invoke.DirectMethodHandle$Holder.invokeSpecial(java.lang.Object, java.lang.Object, java.lang.Object, java.lang.Object, java.lang.Object, java.lang.Object, java.lang.Object, int)'> (0x0000000088a56b18) 
thrown [s\open\src\hotspot\share\interpreter\linkResolver.cpp, line 773]
Event: 1.026 Thread 0x0000013e47646db0 Exception <a 'java/lang/NoSuchMethodError'{0x00000000889ef150}: 'int java.lang.invoke.DirectMethodHandle$Holder.invokeVirtual(java.lang.Object, java.lang.Object)'> (0x00000000889ef150) 
thrown [s\open\src\hotspot\share\interpreter\linkResolver.cpp, line 773]
Event: 1.040 Thread 0x0000013e47646db0 Exception <a 'java/lang/NoSuchMethodError'{0x00000000888a0f00}: 'java.lang.Object java.lang.invoke.DirectMethodHandle$Holder.invokeSpecial(java.lang.Object, java.lang.Object, java.lang.Object, int, java.lang.Object)'> (0x00000000888a0f00) 
thrown [s\open\src\hotspot\share\interpreter\linkResolver.cpp, line 773]
Event: 1.040 Thread 0x0000013e47646db0 Exception <a 'java/lang/NoSuchMethodError'{0x00000000888a87f0}: 'java.lang.Object java.lang.invoke.DirectMethodHandle$Holder.newInvokeSpecial(java.lang.Object, java.lang.Object, java.lang.Object, int, java.lang.Object)'> (0x00000000888a87f0) 
thrown [s\open\src\hotspot\share\interpreter\linkResolver.cpp, line 773]
Event: 1.040 Thread 0x0000013e47646db0 Exception <a 'java/lang/NoSuchMethodError'{0x00000000888afe98}: 'java.lang.Object java.lang.invoke.Invokers$Holder.linkToTargetMethod(java.lang.Object, java.lang.Object, int, java.lang.Object, java.lang.Object)'> (0x00000000888afe98) 
thrown [s\open\src\hotspot\share\interpreter\linkResolver.cpp, line 773]
Event: 1.042 Thread 0x0000013e47646db0 Exception <a 'java/lang/NoSuchMethodError'{0x00000000888bec38}: 'java.lang.Object java.lang.invoke.DirectMethodHandle$Holder.newInvokeSpecial(java.lang.Object, int, java.lang.Object)'> (0x00000000888bec38) 
thrown [s\open\src\hotspot\share\interpreter\linkResolver.cpp, line 773]
Event: 1.042 Thread 0x0000013e47646db0 Exception <a 'java/lang/NoSuchMethodError'{0x00000000888c3348}: 'int java.lang.invoke.DirectMethodHandle$Holder.invokeSpecialIFC(java.lang.Object, java.lang.Object, java.lang.Object, java.lang.Object)'> (0x00000000888c3348) 
thrown [s\open\src\hotspot\share\interpreter\linkResolver.cpp, line 773]
Event: 1.058 Thread 0x0000013e47646db0 Exception <a 'java/lang/NoSuchMethodError'{0x0000000088790518}: 'void java.lang.invoke.DirectMethodHandle$Holder.invokeInterface(java.lang.Object, java.lang.Object, java.lang.Object)'> (0x0000000088790518) 
thrown [s\open\src\hotspot\share\interpreter\linkResolver.cpp, line 773]
Event: 1.078 Thread 0x0000013e47646db0 Exception <a 'java/lang/NoSuchMethodError'{0x000000008862e1c8}: 'java.lang.Object java.lang.invoke.DirectMethodHandle$Holder.invokeVirtual(java.lang.Object, java.lang.Object, java.lang.Object)'> (0x000000008862e1c8) 
thrown [s\open\src\hotspot\share\interpreter\linkResolver.cpp, line 773]

ZGC Phase Switch (0 events):
No events

VM Operations (20 events):
Event: 0.133 Executing VM operation: HandshakeAllThreads (Deoptimize)
Event: 0.133 Executing VM operation: HandshakeAllThreads (Deoptimize) done
Event: 0.450 Executing VM operation: HandshakeAllThreads (Deoptimize)
Event: 0.450 Executing VM operation: HandshakeAllThreads (Deoptimize) done
Event: 0.519 Executing VM operation: HandshakeAllThreads (Deoptimize)
Event: 0.519 Executing VM operation: HandshakeAllThreads (Deoptimize) done
Event: 0.539 Executing VM operation: HandshakeAllThreads (Deoptimize)
Event: 0.539 Executing VM operation: HandshakeAllThreads (Deoptimize) done
Event: 0.565 Executing VM operation: HandshakeAllThreads (Deoptimize)
Event: 0.565 Executing VM operation: HandshakeAllThreads (Deoptimize) done
Event: 0.569 Executing VM operation: HandshakeAllThreads (Deoptimize)
Event: 0.569 Executing VM operation: HandshakeAllThreads (Deoptimize) done
Event: 0.727 Executing VM operation: ICBufferFull
Event: 0.727 Executing VM operation: ICBufferFull done
Event: 0.788 Executing VM operation: G1CollectForAllocation (G1 Evacuation Pause)
Event: 0.795 Executing VM operation: G1CollectForAllocation (G1 Evacuation Pause) done
Event: 0.867 Executing VM operation: HandshakeAllThreads (Deoptimize)
Event: 0.867 Executing VM operation: HandshakeAllThreads (Deoptimize) done
Event: 1.020 Executing VM operation: HandshakeAllThreads (Deoptimize)
Event: 1.020 Executing VM operation: HandshakeAllThreads (Deoptimize) done

Events (16 events):
Event: 0.033 Thread 0x0000013e6eaeae20 Thread added: 0x0000013e6eaeae20
Event: 0.052 Thread 0x0000013e7f3a71f0 Thread added: 0x0000013e7f3a71f0
Event: 0.053 Thread 0x0000013e7f3a7e50 Thread added: 0x0000013e7f3a7e50
Event: 0.053 Thread 0x0000013e7f3aab40 Thread added: 0x0000013e7f3aab40
Event: 0.053 Thread 0x0000013e7f3ab5a0 Thread added: 0x0000013e7f3ab5a0
Event: 0.053 Thread 0x0000013e7f3ac000 Thread added: 0x0000013e7f3ac000
Event: 0.053 Thread 0x0000013e7f3b4a70 Thread added: 0x0000013e7f3b4a70
Event: 0.053 Thread 0x0000013e7f3e0240 Thread added: 0x0000013e7f3e0240
Event: 0.124 Thread 0x0000013e7f370b80 Thread added: 0x0000013e7f370b80
Event: 0.134 Thread 0x0000013e7f5f4f50 Thread added: 0x0000013e7f5f4f50
Event: 0.135 Thread 0x0000013e7f5f5600 Thread added: 0x0000013e7f5f5600
Event: 0.241 Thread 0x0000013e470aab90 Thread added: 0x0000013e470aab90
Event: 0.242 Thread 0x0000013e470ac210 Thread added: 0x0000013e470ac210
Event: 0.528 Thread 0x0000013e47243d80 Thread added: 0x0000013e47243d80
Event: 0.818 Thread 0x0000013e471a9740 Thread added: 0x0000013e471a9740
Event: 0.820 Thread 0x0000013e47646db0 Thread added: 0x0000013e47646db0


Dynamic libraries:
0x00007ff780210000 - 0x00007ff78021e000 	C:\Users\Abel\.jdks\openjdk-21\bin\java.exe
0x00007ffc3c030000 - 0x00007ffc3c225000 	C:\WINDOWS\SYSTEM32\ntdll.dll
0x00007ffc3ac10000 - 0x00007ffc3acce000 	C:\WINDOWS\System32\KERNEL32.DLL
0x00007ffc39dc0000 - 0x00007ffc3a088000 	C:\WINDOWS\System32\KERNELBASE.dll
0x00007ffc39be0000 - 0x00007ffc39ce0000 	C:\WINDOWS\System32\ucrtbase.dll
0x00007ffc15770000 - 0x00007ffc15788000 	C:\Users\Abel\.jdks\openjdk-21\bin\jli.dll
0x00007ffc16e90000 - 0x00007ffc16eab000 	C:\Users\Abel\.jdks\openjdk-21\bin\VCRUNTIME140.dll
0x00007ffc3b970000 - 0x00007ffc3bb10000 	C:\WINDOWS\System32\USER32.dll
0x00007ffc398a0000 - 0x00007ffc398c2000 	C:\WINDOWS\System32\win32u.dll
0x00007ffc38b40000 - 0x00007ffc38dda000 	C:\WINDOWS\WinSxS\amd64_microsoft.windows.common-controls_6595b64144ccf1df_6.0.19041.1110_none_60b5254171f9507e\COMCTL32.dll
0x00007ffc3a430000 - 0x00007ffc3a45a000 	C:\WINDOWS\System32\GDI32.dll
0x00007ffc3a090000 - 0x00007ffc3a12e000 	C:\WINDOWS\System32\msvcrt.dll
0x00007ffc39ad0000 - 0x00007ffc39bdb000 	C:\WINDOWS\System32\gdi32full.dll
0x00007ffc39750000 - 0x00007ffc397ed000 	C:\WINDOWS\System32\msvcp_win.dll
0x00007ffc3a130000 - 0x00007ffc3a160000 	C:\WINDOWS\System32\IMM32.DLL
0x00007ffc2b060000 - 0x00007ffc2b06c000 	C:\Users\Abel\.jdks\openjdk-21\bin\vcruntime140_1.dll
0x00007ffc0eb10000 - 0x00007ffc0eb9e000 	C:\Users\Abel\.jdks\openjdk-21\bin\msvcp140.dll
0x00007ffbe0620000 - 0x00007ffbe1333000 	C:\Users\Abel\.jdks\openjdk-21\bin\server\jvm.dll
0x00007ffc3a380000 - 0x00007ffc3a42e000 	C:\WINDOWS\System32\ADVAPI32.dll
0x00007ffc3b1c0000 - 0x00007ffc3b25c000 	C:\WINDOWS\System32\sechost.dll
0x00007ffc3be30000 - 0x00007ffc3bf55000 	C:\WINDOWS\System32\RPCRT4.dll
0x00007ffc3b490000 - 0x00007ffc3b4fb000 	C:\WINDOWS\System32\WS2_32.dll
0x00007ffc39370000 - 0x00007ffc393bb000 	C:\WINDOWS\SYSTEM32\POWRPROF.dll
0x00007ffc2eac0000 - 0x00007ffc2eae7000 	C:\WINDOWS\SYSTEM32\WINMM.dll
0x00007ffc30640000 - 0x00007ffc3064a000 	C:\WINDOWS\SYSTEM32\VERSION.dll
0x00007ffc38e10000 - 0x00007ffc38e22000 	C:\WINDOWS\SYSTEM32\UMPDC.dll
0x00007ffc37020000 - 0x00007ffc37032000 	C:\WINDOWS\SYSTEM32\kernel.appcore.dll
0x00007ffc26cb0000 - 0x00007ffc26cba000 	C:\Users\Abel\.jdks\openjdk-21\bin\jimage.dll
0x00007ffc38f60000 - 0x00007ffc39144000 	C:\WINDOWS\SYSTEM32\DBGHELP.DLL
0x00007ffc38f30000 - 0x00007ffc38f5c000 	C:\WINDOWS\SYSTEM32\dbgcore.DLL
0x00007ffc39ce0000 - 0x00007ffc39d62000 	C:\WINDOWS\System32\bcryptPrimitives.dll
0x00007ffc25240000 - 0x00007ffc2524f000 	C:\Users\Abel\.jdks\openjdk-21\bin\instrument.dll
0x00007ffc15550000 - 0x00007ffc1556f000 	C:\Users\Abel\.jdks\openjdk-21\bin\java.dll
0x00007ffc3a4c0000 - 0x00007ffc3ac04000 	C:\WINDOWS\System32\SHELL32.dll
0x00007ffc37220000 - 0x00007ffc379b4000 	C:\WINDOWS\SYSTEM32\windows.storage.dll
0x00007ffc3acd0000 - 0x00007ffc3b024000 	C:\WINDOWS\System32\combase.dll
0x00007ffc38ad0000 - 0x00007ffc38afc000 	C:\WINDOWS\SYSTEM32\Wldp.dll
0x00007ffc3bc00000 - 0x00007ffc3bcad000 	C:\WINDOWS\System32\SHCORE.dll
0x00007ffc3b030000 - 0x00007ffc3b085000 	C:\WINDOWS\System32\shlwapi.dll
0x00007ffc39690000 - 0x00007ffc396af000 	C:\WINDOWS\SYSTEM32\profapi.dll
0x00007ffc13cd0000 - 0x00007ffc13ce8000 	C:\Users\Abel\.jdks\openjdk-21\bin\zip.dll
0x00007ffc26820000 - 0x00007ffc26830000 	C:\Users\Abel\.jdks\openjdk-21\bin\net.dll
0x00007ffc2ed20000 - 0x00007ffc2ee2a000 	C:\WINDOWS\SYSTEM32\WINHTTP.dll
0x00007ffc389a0000 - 0x00007ffc38a0a000 	C:\WINDOWS\system32\mswsock.dll
0x00007ffc14a90000 - 0x00007ffc14aa6000 	C:\Users\Abel\.jdks\openjdk-21\bin\nio.dll
0x00007ffc13670000 - 0x00007ffc1368a000 	F:\programas\IntelliJ IDEA 2023.2.2\bin\breakgen64.dll
0x00007ffc26710000 - 0x00007ffc26717000 	C:\Users\Abel\.jdks\openjdk-21\bin\extnet.dll
0x00007ffc38500000 - 0x00007ffc385cb000 	C:\WINDOWS\SYSTEM32\DNSAPI.dll
0x00007ffc384c0000 - 0x00007ffc384fb000 	C:\WINDOWS\SYSTEM32\IPHLPAPI.DLL
0x00007ffc3a370000 - 0x00007ffc3a378000 	C:\WINDOWS\System32\NSI.dll
0x00007ffc2b050000 - 0x00007ffc2b05a000 	C:\Windows\System32\rasadhlp.dll
0x00007ffc2c5b0000 - 0x00007ffc2c62f000 	C:\WINDOWS\System32\fwpuclnt.dll
0x00007ffc398d0000 - 0x00007ffc398f7000 	C:\WINDOWS\System32\bcrypt.dll
0x00007ffc24d00000 - 0x00007ffc24d0a000 	C:\Users\Abel\.jdks\openjdk-21\bin\management.dll
0x00007ffc186e0000 - 0x00007ffc186eb000 	C:\Users\Abel\.jdks\openjdk-21\bin\management_ext.dll
0x00007ffc3b390000 - 0x00007ffc3b398000 	C:\WINDOWS\System32\PSAPI.DLL
0x00007ffc394e0000 - 0x00007ffc394f8000 	C:\WINDOWS\SYSTEM32\CRYPTSP.dll
0x00007ffc38170000 - 0x00007ffc381a4000 	C:\WINDOWS\system32\rsaenh.dll
0x00007ffc39650000 - 0x00007ffc3967e000 	C:\WINDOWS\SYSTEM32\USERENV.dll
0x00007ffc38a90000 - 0x00007ffc38a9c000 	C:\WINDOWS\SYSTEM32\CRYPTBASE.dll
0x00007ffc1fb60000 - 0x00007ffc1fb77000 	C:\WINDOWS\system32\napinsp.dll
0x00007ffc1fc10000 - 0x00007ffc1fc2b000 	C:\WINDOWS\system32\pnrpnsp.dll
0x00007ffc33d60000 - 0x00007ffc33d75000 	C:\WINDOWS\system32\wshbth.dll
0x00007ffc34bf0000 - 0x00007ffc34c0d000 	C:\WINDOWS\system32\NLAapi.dll
0x00007ffc1fbe0000 - 0x00007ffc1fbf2000 	C:\WINDOWS\System32\winrnr.dll

dbghelp: loaded successfully - version: 4.0.5 - missing functions: none
symbol engine: initialized successfully - sym options: 0x614 - pdb path: .;C:\Users\Abel\.jdks\openjdk-21\bin;C:\WINDOWS\SYSTEM32;C:\WINDOWS\WinSxS\amd64_microsoft.windows.common-controls_6595b64144ccf1df_6.0.19041.1110_none_60b5254171f9507e;C:\Users\Abel\.jdks\openjdk-21\bin\server;F:\programas\IntelliJ IDEA 2023.2.2\bin

VM Arguments:
jvm_args: -XX:TieredStopAtLevel=1 -Dspring.output.ansi.enabled=always -Dcom.sun.management.jmxremote -Dspring.jmx.enabled=true -Dspring.liveBeansView.mbeanDomain -Dspring.application.admin.enabled=true -Dmanagement.endpoints.jmx.exposure.include=* -javaagent:F:\programas\IntelliJ IDEA 2023.2.2\lib\idea_rt.jar=2061:F:\programas\IntelliJ IDEA 2023.2.2\bin -Dfile.encoding=UTF-8 -Dsun.stdout.encoding=UTF-8 -Dsun.stderr.encoding=UTF-8 
java_command: com.example.apivirtuaula.ApiVirtuaulaApplication
java_class_path (initial): F:\PROYECTOJUNIO\APIVirtuaula\target\classes;C:\Users\Abel\.m2\repository\org\springframework\boot\spring-boot-starter-data-jpa\3.2.4\spring-boot-starter-data-jpa-3.2.4.jar;C:\Users\Abel\.m2\repository\org\springframework\boot\spring-boot-starter-aop\3.2.4\spring-boot-starter-aop-3.2.4.jar;C:\Users\Abel\.m2\repository\org\springframework\spring-aop\6.1.5\spring-aop-6.1.5.jar;C:\Users\Abel\.m2\repository\org\aspectj\aspectjweaver\1.9.21\aspectjweaver-1.9.21.jar;C:\Users\Abel\.m2\repository\org\springframework\boot\spring-boot-starter-jdbc\3.2.4\spring-boot-starter-jdbc-3.2.4.jar;C:\Users\Abel\.m2\repository\com\zaxxer\HikariCP\5.0.1\HikariCP-5.0.1.jar;C:\Users\Abel\.m2\repository\org\springframework\spring-jdbc\6.1.5\spring-jdbc-6.1.5.jar;C:\Users\Abel\.m2\repository\org\hibernate\orm\hibernate-core\6.4.4.Final\hibernate-core-6.4.4.Final.jar;C:\Users\Abel\.m2\repository\jakarta\persistence\jakarta.persistence-api\3.1.0\jakarta.persistence-api-3.1.0.jar;C:\Users\Abel\.m2\repository\jakarta\transaction\jakarta.transaction-api\2.0.1\jakarta.transaction-api-2.0.1.jar;C:\Users\Abel\.m2\repository\org\jboss\logging\jboss-logging\3.5.3.Final\jboss-logging-3.5.3.Final.jar;C:\Users\Abel\.m2\repository\org\hibernate\common\hibernate-commons-annotations\6.0.6.Final\hibernate-commons-annotations-6.0.6.Final.jar;C:\Users\Abel\.m2\repository\io\smallrye\jandex\3.1.2\jandex-3.1.2.jar;C:\Users\Abel\.m2\repository\com\fasterxml\classmate\1.6.0\classmate-1.6.0.jar;C:\Users\Abel\.m2\repository\net\bytebuddy\byte-buddy\1.14.12\byte-buddy-1.14.12.jar;C:\Users\Abel\.m2\repository\org\glassfish\jaxb\jaxb-runtime\4.0.5\jaxb-runtime-4.0.5.jar;C:\Users\Abel\.m2\repository\org\glassfish\jaxb\jaxb-core\4.0.5\jaxb-core-4.0.5.jar;C:\Users\Abel\.m2\repository\org\eclipse\angus\angus-activation\2.0.2\angus-activation-2.0.2.jar;C:\Users\Abel\.m2\repository\org\glassfish\jaxb\txw2\4.0.5\txw2-4.0.5.jar;C:\Users\Abel\.m2\repository\com\sun\istack\istack-commons-runtime\4.1.2\istack-commons-runtime-4.1.2.jar;C:\Users\Abel\.m2\repository\jakarta\inject\jakarta.inject-api\2.0.1\jakarta.inject-api-2.0.1.jar;C:\Users\Abel\.m2\repository\org\antlr\antlr4-runtime\4.13.0\antlr4-runtime-4.13.0.jar;C:\Users\Abel\.m2\repository\org\springframework\data\spring-data-jpa\3.2.4\spring-data-jpa-3.2.4.jar;C:\Users\Abel\.m2\repository\org\springframework\data\spring-data-commons\3.2.4\spring-data-commons-3.2.4.jar;C:\Users\Abel\.m2\repository\org\springframework\spring-orm\6.1.5\spring-orm-6.1.5.jar;C:\Users\Abel\.m2\repository\org\springframework\spring-context\6.1.5\spring-context-6.1.5.jar;C:\Users\Abel\.m2\repository\org\springframework\spring-tx\6.1.5\spring-tx-6.1.5.jar;C:\Users\Abel\.m2\repository\org\springframework\spring-beans\6.1.5\spring-beans-6.1.5.jar;C:\Users\Abel\.m2\repository\jakarta\annotation\jakarta.annotation-api\2.1.1\jakarta.annotation-api-2.1.1.jar;C:\Users\Abel\.m2\repository\org\slf4j\slf4j-api\2.0.12\slf4j-api-2.0.12.jar;C:\Users\Abel\.m2\repository\org\springframework\spring-aspects\6.1.5\spring-aspects-6.1.5.jar;C:\Users\Abel\.m2\repository\org\springframework\boot\spring-boot-starter-web\3.2.4\spring-boot-starter-web-3.2.4.jar;C:\Users\Abel\.m2\repository\org\springframework\boot\spring-boot-starter\3.2.4\spring-boot-starter-3.2.4.jar;C:\Users\Abel\.m2\repository\org\springframework\boot\spring-boot-starter-logging\3.2.4\spring-boot-starter-logging-3.2.4.jar;C:\Users\Abel\.m2\repository\ch\qos\logback\logback-classic\1.4.14\logback-classic-1.4.14.jar;C:\Users\Abel\.m2\repository\ch\qos\logback\logback-core\1.4.14\logback-core-1.4.14.jar;C:\Users\Abel\.m2\repository\org\apache\logging\log4j\log4j-to-slf4j\2.21.1\log4j-to-slf4j-2.21.1.jar;C:\Users\Abel\.m2\repository\org\apache\logging\log4j\log4j-api\2.21.1\log4j-api-2.21.1.jar;C:\Users\Abel\.m2\repository\org\slf4j\jul-to-slf4j\2.0.12\jul-to-slf4j-2.0.12.jar;C:\Users\Abel\.m2\repository\org\yaml\snakeyaml\2.2\snakeyaml-2.2.jar;C:\Users\Abel\.m2\repository\org\springframework\boot\spring-boot-starter-json\3.2.4\spring-boot-starter-json-3.2.4.jar;C:\Users\Abel\.m2\repository\com\fasterxml\jackson\core\jackson-databind\2.15.4\jackson-databind-2.15.4.jar;C:\Users\Abel\.m2\repository\com\fasterxml\jackson\core\jackson-annotations\2.15.4\jackson-annotations-2.15.4.jar;C:\Users\Abel\.m2\repository\com\fasterxml\jackson\core\jackson-core\2.15.4\jackson-core-2.15.4.jar;C:\Users\Abel\.m2\repository\com\fasterxml\jackson\datatype\jackson-datatype-jdk8\2.15.4\jackson-datatype-jdk8-2.15.4.jar;C:\Users\Abel\.m2\repository\com\fasterxml\jackson\datatype\jackson-datatype-jsr310\2.15.4\jackson-datatype-jsr310-2.15.4.jar;C:\Users\Abel\.m2\repository\com\fasterxml\jackson\module\jackson-module-parameter-names\2.15.4\jackson-module-parameter-names-2.15.4.jar;C:\Users\Abel\.m2\repository\org\springframework\boot\spring-boot-starter-tomcat\3.2.4\spring-boot-starter-tomcat-3.2.4.jar;C:\Users\Abel\.m2\repository\org\apache\tomcat\embed\tomcat-embed-core\10.1.19\tomcat-embed-core-10.1.19.jar;C:\Users\Abel\.m2\repository\org\apache\tomcat\embed\tomcat-embed-el\10.1.19\tomcat-embed-el-10.1.19.jar;C:\Users\Abel\.m2\repository\org\apache\tomcat\embed\tomcat-embed-websocket\10.1.19\tomcat-embed-websocket-10.1.19.jar;C:\Users\Abel\.m2\repository\org\springframework\spring-web\6.1.5\spring-web-6.1.5.jar;C:\Users\Abel\.m2\repository\io\micrometer\micrometer-observation\1.12.4\micrometer-observation-1.12.4.jar;C:\Users\Abel\.m2\repository\io\micrometer\micrometer-commons\1.12.4\micrometer-commons-1.12.4.jar;C:\Users\Abel\.m2\repository\org\springframework\spring-webmvc\6.1.5\spring-webmvc-6.1.5.jar;C:\Users\Abel\.m2\repository\org\springframework\spring-expression\6.1.5\spring-expression-6.1.5.jar;C:\Users\Abel\.m2\repository\org\springframework\boot\spring-boot-devtools\3.2.4\spring-boot-devtools-3.2.4.jar;C:\Users\Abel\.m2\repository\org\springframework\boot\spring-boot\3.2.4\spring-boot-3.2.4.jar;C:\Users\Abel\.m2\repository\org\springframework\boot\spring-boot-autoconfigure\3.2.4\spring-boot-autoconfigure-3.2.4.jar;C:\Users\Abel\.m2\repository\com\mysql\mysql-connector-j\8.3.0\mysql-connector-j-8.3.0.jar;C:\Users\Abel\.m2\repository\org\projectlombok\lombok\1.18.30\lombok-1.18.30.jar;C:\Users\Abel\.m2\repository\jakarta\xml\bind\jakarta.xml.bind-api\4.0.2\jakarta.xml.bind-api-4.0.2.jar;C:\Users\Abel\.m2\repository\jakarta\activation\jakarta.activation-api\2.1.3\jakarta.activation-api-2.1.3.jar;C:\Users\Abel\.m2\repository\org\springframework\spring-core\6.1.5\spring-core-6.1.5.jar;C:\Users\Abel\.m2\repository\org\springframework\spring-jcl\6.1.5\spring-jcl-6.1.5.jar
Launcher Type: SUN_STANDARD

[Global flags]
     intx CICompilerCount                          = 4                                         {product} {ergonomic}
     uint ConcGCThreads                            = 2                                         {product} {ergonomic}
     uint G1ConcRefinementThreads                  = 8                                         {product} {ergonomic}
   size_t G1HeapRegionSize                         = 1048576                                   {product} {ergonomic}
    uintx GCDrainStackTargetSize                   = 64                                        {product} {ergonomic}
   size_t InitialHeapSize                          = 134217728                                 {product} {ergonomic}
     bool ManagementServer                         = true                                      {product} {command line}
   size_t MarkStackSize                            = 4194304                                   {product} {ergonomic}
   size_t MaxHeapSize                              = 2124414976                                {product} {ergonomic}
   size_t MaxNewSize                               = 1274019840                                {product} {ergonomic}
   size_t MinHeapDeltaBytes                        = 1048576                                   {product} {ergonomic}
   size_t MinHeapSize                              = 8388608                                   {product} {ergonomic}
    uintx NonNMethodCodeHeapSize                   = 4096                                   {pd product} {ergonomic}
    uintx NonProfiledCodeHeapSize                  = 0                                      {pd product} {ergonomic}
     bool ProfileInterpreter                       = false                                  {pd product} {command line}
    uintx ProfiledCodeHeapSize                     = 0                                      {pd product} {ergonomic}
   size_t SoftMaxHeapSize                          = 2124414976                             {manageable} {ergonomic}
     intx TieredStopAtLevel                        = 1                                         {product} {command line}
     bool UseCompressedOops                        = true                           {product lp64_product} {ergonomic}
     bool UseG1GC                                  = true                                      {product} {ergonomic}
     bool UseLargePagesIndividualAllocation        = false                                  {pd product} {ergonomic}

Logging:
Log output configuration:
 #0: stdout all=warning uptime,level,tags foldmultilines=false
 #1: stderr all=off uptime,level,tags foldmultilines=false

Environment Variables:
PATH=C:\Program Files\Common Files\Oracle\Java\javapath;C:\Program Files (x86)\Intel\iCLS Client\;C:\Program Files\Intel\iCLS Client\;C:\Windows\System32;C:\Windows;C:\Windows\System32\wbem;C:\Windows\System32\WindowsPowerShell\v1.0\;C:\Program Files (x86)\Intel\Intel(R) Management Engine Components\DAL;C:\Program Files\Intel\Intel(R) Management Engine Components\DAL;C:\Program Files (x86)\Intel\Intel(R) Management Engine Components\IPT;C:\Program Files\Intel\Intel(R) Management Engine Components\IPT;C:\Program Files (x86)\NVIDIA Corporation\PhysX\Common;C:\Program Files\Intel\WiFi\bin\;C:\Program Files\Common Files\Intel\WirelessCommon\;C:\Windows\System32;C:\Windows;C:\Windows\System32\wbem;C:\Windows\System32\WindowsPowerShell\v1.0\;C:\Windows\System32\OpenSSH\;C:\Program Files\Git\cmd;C:\Program Files\nodejs\;C:\Users\Abel\AppData\Roaming\npm;C:\Program Files\MySQL\MySQL Shell 8.0\bin\;C:\Program Files\MySQL\MySQL Server 8.0\bin\;C:\Users\Abel\AppData\Local\Microsoft\WindowsApps;C:\Packer;C:\Users\Abel\AppData\Local\Programs\Microsoft VS Code\bin;C:\Users\Abel\AppData\Roaming\npm
USERNAME=Abel
OS=Windows_NT
PROCESSOR_IDENTIFIER=Intel64 Family 6 Model 142 Stepping 10, GenuineIntel
TMP=C:\Users\Abel\AppData\Local\Temp
TEMP=C:\Users\Abel\AppData\Local\Temp




---------------  S Y S T E M  ---------------

OS:
 Windows 10 , 64 bit Build 19041 (10.0.19041.1645)
OS uptime: 2 days 11:38 hours

CPU: total 8 (initial active 8) (4 cores per cpu, 2 threads per core) family 6 model 142 stepping 10 microcode 0xb4, cx8, cmov, fxsr, ht, mmx, 3dnowpref, sse, sse2, sse3, ssse3, sse4.1, sse4.2, popcnt, lzcnt, tsc, tscinvbit, avx, avx2, aes, erms, clmul, bmi1, bmi2, adx, fma, vzeroupper, clflush, clflushopt, rdtscp, f16c
Processor Information for all 8 processors :
  Max Mhz: 1800, Current Mhz: 1600, Mhz Limit: 1584

Memory: 4k page, system-wide physical 8101M (465M free)
TotalPageFile size 13576M (AvailPageFile size 0M)
current process WorkingSet (physical memory assigned to process): 87M, peak: 87M
current process commit charge ("private bytes"): 228M, peak: 228M

vm_info: OpenJDK 64-Bit Server VM (21+35-2513) for windows-amd64 JRE (21+35-2513), built on 2023-08-09T20:25:10Z by "mach5one" with MS VC++ 17.1 (VS2022)

END.
